<?xml version="1.0" encoding="UTF-8"?>
<testsuite xmlns:xsi="http://www.w3.org/2001/XMLSchema-instance" xsi:schemaLocation="https://maven.apache.org/surefire/maven-surefire-plugin/xsd/surefire-test-report.xsd" name="TestSuite" time="21.271" tests="1" errors="0" skipped="0" failures="0">
  <properties>
    <property name="java.runtime.name" value="Java(TM) SE Runtime Environment"/>
    <property name="sun.boot.library.path" value="E:\KFHJ\JDK1.7\jre\bin"/>
    <property name="java.vm.version" value="23.25-b01"/>
    <property name="java.vm.vendor" value="Oracle Corporation"/>
    <property name="java.vendor.url" value="http://java.oracle.com/"/>
    <property name="path.separator" value=";"/>
    <property name="guice.disable.misplaced.annotation.check" value="true"/>
    <property name="java.vm.name" value="Java HotSpot(TM) 64-Bit Server VM"/>
    <property name="file.encoding.pkg" value="sun.io"/>
    <property name="user.script" value=""/>
    <property name="user.country" value="CN"/>
    <property name="sun.java.launcher" value="SUN_STANDARD"/>
    <property name="sun.os.patch.level" value="Service Pack 1"/>
    <property name="java.vm.specification.name" value="Java Virtual Machine Specification"/>
    <property name="user.dir" value="E:\KFHJ\eclipse-jee-luna-R-win32-x86_64\eclipse\workspace\TestDemo"/>
    <property name="java.runtime.version" value="1.7.0_25-b17"/>
    <property name="java.awt.graphicsenv" value="sun.awt.Win32GraphicsEnvironment"/>
    <property name="java.endorsed.dirs" value="E:\KFHJ\JDK1.7\jre\lib\endorsed"/>
    <property name="os.arch" value="amd64"/>
    <property name="java.io.tmpdir" value="C:\Users\ADMINI~1\AppData\Local\Temp\"/>
    <property name="line.separator" value="&#10;"/>
    <property name="java.vm.specification.vendor" value="Oracle Corporation"/>
    <property name="user.variant" value=""/>
    <property name="os.name" value="Windows 7"/>
    <property name="classworlds.conf" value="E:\KFHJ\eclipse-jee-luna-R-win32-x86_64\eclipse\workspace\.metadata\.plugins\org.eclipse.m2e.launching\launches\m2conf1510704222461800361.tmp"/>
    <property name="sun.jnu.encoding" value="GBK"/>
    <property name="java.library.path" value="E:\KFHJ\JDK1.7\bin;C:\Windows\Sun\Java\bin;C:\Windows\system32;C:\Windows;E:/KFHJ/JDK1.7/bin/../jre/bin/server;E:/KFHJ/JDK1.7/bin/../jre/bin;E:/KFHJ/JDK1.7/bin/../jre/lib/amd64;C:\Program Files (x86)\Common Files\NetSarang;C:\Windows\system32;C:\Windows;C:\Windows\System32\Wbem;C:\Windows\System32\WindowsPowerShell\v1.0\;C:\Program Files\Intel\WiFi\bin\;C:\Program Files\Common Files\Intel\WirelessCommon\;C:\Program Files (x86)\AMD\ATI.ACE\Core-Static;C:\Program Files\TortoiseSVN\bin;D:\oracle\Instant Client\bin;E:\KFHJ\JDK1.7/bin;D:\apache-ant-1.9.4\bin;E:\KFHJ\JDK1.7\bin;E:\KFHJ\JDK1.7\jre\bin;D:\adb;D:\android-sdk-windows\tools\lib;E:\KFHJ\apache-maven-3.2.3/bin;D:\apache-jmeter-3.0\bin;C:\Program Files\Git\cmd;C:\Users\Administrator\AppData\Local\Programs\Python\Python35;C:\Users\Administrator\AppData\Local\Programs\Python\Python35\Scripts;E:\KFHJ\Tesseract-OCR;E:\KFHJ\Tesseract-OCR\tessdata;C:\Program Files\Intel\WiFi\bin\;C:\Program Files\Common Files\Intel\WirelessCommon\;D:\docker\Docker Toolbox;C:\Users\Administrator\AppData\Local\Programs\Fiddler;E:\KFHJ\eclipse-jee-luna-R-win32-x86_64\eclipse;;."/>
    <property name="java.specification.name" value="Java Platform API Specification"/>
    <property name="java.class.version" value="51.0"/>
    <property name="sun.management.compiler" value="HotSpot 64-Bit Tiered Compilers"/>
    <property name="os.version" value="6.1"/>
    <property name="user.home" value="C:\Users\Administrator"/>
    <property name="user.timezone" value="Asia/Shanghai"/>
    <property name="java.awt.printerjob" value="sun.awt.windows.WPrinterJob"/>
    <property name="java.specification.version" value="1.7"/>
    <property name="file.encoding" value="GBK"/>
    <property name="user.name" value="Administrator"/>
    <property name="java.class.path" value="/E:/KFHJ/eclipse-jee-luna-R-win32-x86_64/eclipse/plugins/org.eclipse.m2e.maven.runtime_1.5.0.20140605-2032/jars/plexus-classworlds-2.5.1.jar"/>
    <property name="org.slf4j.simpleLogger.defaultLogLevel" value="info"/>
    <property name="java.vm.specification.version" value="1.7"/>
    <property name="sun.arch.data.model" value="64"/>
    <property name="java.home" value="E:\KFHJ\JDK1.7\jre"/>
    <property name="sun.java.command" value="org.codehaus.plexus.classworlds.launcher.Launcher -B -s E:\KFHJ\apache-maven-3.2.3\conf\settings.xml install"/>
    <property name="java.specification.vendor" value="Oracle Corporation"/>
    <property name="user.language" value="zh"/>
    <property name="awt.toolkit" value="sun.awt.windows.WToolkit"/>
    <property name="java.vm.info" value="mixed mode"/>
    <property name="java.version" value="1.7.0_25"/>
    <property name="java.ext.dirs" value="E:\KFHJ\JDK1.7\jre\lib\ext;C:\Windows\Sun\Java\lib\ext"/>
    <property name="sun.boot.class.path" value="E:\KFHJ\JDK1.7\jre\lib\resources.jar;E:\KFHJ\JDK1.7\jre\lib\rt.jar;E:\KFHJ\JDK1.7\jre\lib\sunrsasign.jar;E:\KFHJ\JDK1.7\jre\lib\jsse.jar;E:\KFHJ\JDK1.7\jre\lib\jce.jar;E:\KFHJ\JDK1.7\jre\lib\charsets.jar;E:\KFHJ\JDK1.7\jre\lib\jfr.jar;E:\KFHJ\JDK1.7\jre\classes"/>
    <property name="java.vendor" value="Oracle Corporation"/>
    <property name="maven.home" value="E:\KFHJ\eclipse-jee-luna-R-win32-x86_64\eclipse\workspace\TestDemo\EMBEDDED"/>
    <property name="file.separator" value="\"/>
    <property name="java.vendor.url.bug" value="http://bugreport.sun.com/bugreport/"/>
    <property name="sun.cpu.endian" value="little"/>
    <property name="sun.io.unicode.encoding" value="UnicodeLittle"/>
    <property name="sun.desktop" value="windows"/>
    <property name="sun.cpu.isalist" value="amd64"/>
  </properties>
  <testcase name="testLogin" classname="com.TestDemo.TestLogin" time="11.756"/>
</testsuite>