<?xml version="1.0" encoding="UTF-8"?>
<!-- Generated by org.testng.reporters.JUnitReportReporter -->
<testsuite hostname="CE-20150831EOBP" name="com.TestDemo.TestLogin" tests="1" failures="0" timestamp="26 Oct 2017 09:45:54 GMT" time="91.319" errors="0">
  <testcase name="testLogin" time="91.319" classname="com.TestDemo.TestLogin"/>
</testsuite> <!-- com.TestDemo.TestLogin -->
